<?xml version="1.0" encoding="UTF-8"?>
<testsuite xmlns:xsi="http://www.w3.org/2001/XMLSchema-instance" xsi:noNamespaceSchemaLocation="https://maven.apache.org/surefire/maven-surefire-plugin/xsd/surefire-test-report-3.0.xsd" version="3.0" name="IBMRestExml.RestAssuredTest" time="2.604" tests="1" errors="0" skipped="0" failures="0">
  <properties>
    <property name="java.specification.version" value="17"/>
    <property name="sun.cpu.isalist" value="amd64"/>
    <property name="sun.jnu.encoding" value="Cp1252"/>
    <property name="java.class.path" value="C:\Users\05457U744\eclipse-workspace\IBMRestAssured\target\test-classes;C:\Users\05457U744\eclipse-workspace\IBMRestAssured\target\classes;C:\Users\05457U744\.m2\repository\io\rest-assured\rest-assured\5.3.1\rest-assured-5.3.1.jar;C:\Users\05457U744\.m2\repository\org\apache\groovy\groovy\4.0.11\groovy-4.0.11.jar;C:\Users\05457U744\.m2\repository\org\apache\groovy\groovy-xml\4.0.11\groovy-xml-4.0.11.jar;C:\Users\05457U744\.m2\repository\org\apache\httpcomponents\httpclient\4.5.13\httpclient-4.5.13.jar;C:\Users\05457U744\.m2\repository\org\apache\httpcomponents\httpcore\4.4.13\httpcore-4.4.13.jar;C:\Users\05457U744\.m2\repository\commons-logging\commons-logging\1.2\commons-logging-1.2.jar;C:\Users\05457U744\.m2\repository\org\apache\httpcomponents\httpmime\4.5.13\httpmime-4.5.13.jar;C:\Users\05457U744\.m2\repository\org\hamcrest\hamcrest\2.2\hamcrest-2.2.jar;C:\Users\05457U744\.m2\repository\org\ccil\cowan\tagsoup\tagsoup\1.2.1\tagsoup-1.2.1.jar;C:\Users\05457U744\.m2\repository\io\rest-assured\json-path\5.3.1\json-path-5.3.1.jar;C:\Users\05457U744\.m2\repository\org\apache\groovy\groovy-json\4.0.11\groovy-json-4.0.11.jar;C:\Users\05457U744\.m2\repository\io\rest-assured\rest-assured-common\5.3.1\rest-assured-common-5.3.1.jar;C:\Users\05457U744\.m2\repository\io\rest-assured\xml-path\5.3.1\xml-path-5.3.1.jar;C:\Users\05457U744\.m2\repository\org\apache\commons\commons-lang3\3.11\commons-lang3-3.11.jar;C:\Users\05457U744\.m2\repository\org\testng\testng\7.8.0\testng-7.8.0.jar;C:\Users\05457U744\.m2\repository\org\slf4j\slf4j-api\1.7.36\slf4j-api-1.7.36.jar;C:\Users\05457U744\.m2\repository\com\beust\jcommander\1.82\jcommander-1.82.jar;C:\Users\05457U744\.m2\repository\org\webjars\jquery\3.6.1\jquery-3.6.1.jar;C:\Users\05457U744\.m2\repository\com\googlecode\json-simple\json-simple\1.1.1\json-simple-1.1.1.jar;C:\Users\05457U744\.m2\repository\org\apache\poi\poi\4.1.0\poi-4.1.0.jar;C:\Users\05457U744\.m2\repository\commons-codec\commons-codec\1.12\commons-codec-1.12.jar;C:\Users\05457U744\.m2\repository\org\apache\commons\commons-collections4\4.3\commons-collections4-4.3.jar;C:\Users\05457U744\.m2\repository\org\apache\commons\commons-math3\3.6.1\commons-math3-3.6.1.jar;C:\Users\05457U744\.m2\repository\org\apache\poi\poi-ooxml\4.1.0\poi-ooxml-4.1.0.jar;C:\Users\05457U744\.m2\repository\org\apache\poi\poi-ooxml-schemas\4.1.0\poi-ooxml-schemas-4.1.0.jar;C:\Users\05457U744\.m2\repository\org\apache\xmlbeans\xmlbeans\3.1.0\xmlbeans-3.1.0.jar;C:\Users\05457U744\.m2\repository\org\apache\commons\commons-compress\1.18\commons-compress-1.18.jar;C:\Users\05457U744\.m2\repository\com\github\virtuald\curvesapi\1.06\curvesapi-1.06.jar;C:\Users\05457U744\.m2\repository\junit\junit\4.13.2\junit-4.13.2.jar;C:\Users\05457U744\.m2\repository\org\hamcrest\hamcrest-core\1.3\hamcrest-core-1.3.jar;C:\Users\05457U744\.m2\repository\org\junit\jupiter\junit-jupiter-api\5.10.0\junit-jupiter-api-5.10.0.jar;C:\Users\05457U744\.m2\repository\org\opentest4j\opentest4j\1.3.0\opentest4j-1.3.0.jar;C:\Users\05457U744\.m2\repository\org\junit\platform\junit-platform-commons\1.10.0\junit-platform-commons-1.10.0.jar;C:\Users\05457U744\.m2\repository\org\apiguardian\apiguardian-api\1.1.2\apiguardian-api-1.1.2.jar;C:\Users\05457U744\.m2\repository\com\aventstack\extentreports\4.0.9\extentreports-4.0.9.jar;C:\Users\05457U744\.m2\repository\org\freemarker\freemarker\2.3.23\freemarker-2.3.23.jar;C:\Users\05457U744\.m2\repository\org\mongodb\mongodb-driver\3.3.0\mongodb-driver-3.3.0.jar;C:\Users\05457U744\.m2\repository\org\mongodb\mongodb-driver-core\3.3.0\mongodb-driver-core-3.3.0.jar;C:\Users\05457U744\.m2\repository\org\mongodb\bson\3.3.0\bson-3.3.0.jar;C:\Users\05457U744\.m2\repository\com\google\code\gson\gson\2.8.5\gson-2.8.5.jar;C:\Users\05457U744\.m2\repository\log4j\log4j\1.2.17\log4j-1.2.17.jar;C:\Users\05457U744\.m2\repository\com\jayway\jsonpath\json-path\2.8.0\json-path-2.8.0.jar;C:\Users\05457U744\.m2\repository\net\minidev\json-smart\2.4.10\json-smart-2.4.10.jar;C:\Users\05457U744\.m2\repository\net\minidev\accessors-smart\2.4.9\accessors-smart-2.4.9.jar;C:\Users\05457U744\.m2\repository\org\ow2\asm\asm\9.3\asm-9.3.jar;C:\Users\05457U744\.m2\repository\org\json\json\20231013\json-20231013.jar;C:\Users\05457U744\.m2\repository\io\cucumber\cucumber-junit\5.1.3\cucumber-junit-5.1.3.jar;C:\Users\05457U744\.m2\repository\io\cucumber\cucumber-core\5.1.3\cucumber-core-5.1.3.jar;C:\Users\05457U744\.m2\repository\io\cucumber\cucumber-gherkin\5.1.3\cucumber-gherkin-5.1.3.jar;C:\Users\05457U744\.m2\repository\io\cucumber\cucumber-gherkin-vintage\5.1.3\cucumber-gherkin-vintage-5.1.3.jar;C:\Users\05457U744\.m2\repository\io\cucumber\tag-expressions\2.0.4\tag-expressions-2.0.4.jar;C:\Users\05457U744\.m2\repository\io\cucumber\cucumber-expressions\8.3.1\cucumber-expressions-8.3.1.jar;C:\Users\05457U744\.m2\repository\io\cucumber\datatable\3.2.1\datatable-3.2.1.jar;C:\Users\05457U744\.m2\repository\io\cucumber\cucumber-plugin\5.1.3\cucumber-plugin-5.1.3.jar;C:\Users\05457U744\.m2\repository\io\cucumber\docstring\5.1.3\docstring-5.1.3.jar;C:\Users\05457U744\.m2\repository\io\cucumber\cucumber-java\5.1.3\cucumber-java-5.1.3.jar;"/>
    <property name="java.vm.vendor" value="Eclipse Adoptium"/>
    <property name="sun.arch.data.model" value="64"/>
    <property name="user.variant" value=""/>
    <property name="java.vendor.url" value="https://adoptium.net/"/>
    <property name="user.timezone" value="Asia/Calcutta"/>
    <property name="os.name" value="Windows 11"/>
    <property name="java.vm.specification.version" value="17"/>
    <property name="sun.java.launcher" value="SUN_STANDARD"/>
    <property name="user.country" value="IN"/>
    <property name="sun.boot.library.path" value="C:\Users\05457U744\Downloads\eclipse-java-2023-09-R-win32-x86_64\eclipse\plugins\org.eclipse.justj.openjdk.hotspot.jre.full.win32.x86_64_17.0.8.v20230831-1047\jre\bin"/>
    <property name="sun.java.command" value="C:\Users\05457U744\AppData\Local\Temp\surefire10637189486462439224\surefirebooter-20231026091455977_3.jar C:\Users\05457U744\AppData\Local\Temp\surefire10637189486462439224 2023-10-26T09-14-52_382-jvmRun1 surefire-20231026091455977_1tmp surefire_0-20231026091455977_2tmp"/>
    <property name="jdk.debug" value="release"/>
    <property name="surefire.test.class.path" value="C:\Users\05457U744\eclipse-workspace\IBMRestAssured\target\test-classes;C:\Users\05457U744\eclipse-workspace\IBMRestAssured\target\classes;C:\Users\05457U744\.m2\repository\io\rest-assured\rest-assured\5.3.1\rest-assured-5.3.1.jar;C:\Users\05457U744\.m2\repository\org\apache\groovy\groovy\4.0.11\groovy-4.0.11.jar;C:\Users\05457U744\.m2\repository\org\apache\groovy\groovy-xml\4.0.11\groovy-xml-4.0.11.jar;C:\Users\05457U744\.m2\repository\org\apache\httpcomponents\httpclient\4.5.13\httpclient-4.5.13.jar;C:\Users\05457U744\.m2\repository\org\apache\httpcomponents\httpcore\4.4.13\httpcore-4.4.13.jar;C:\Users\05457U744\.m2\repository\commons-logging\commons-logging\1.2\commons-logging-1.2.jar;C:\Users\05457U744\.m2\repository\org\apache\httpcomponents\httpmime\4.5.13\httpmime-4.5.13.jar;C:\Users\05457U744\.m2\repository\org\hamcrest\hamcrest\2.2\hamcrest-2.2.jar;C:\Users\05457U744\.m2\repository\org\ccil\cowan\tagsoup\tagsoup\1.2.1\tagsoup-1.2.1.jar;C:\Users\05457U744\.m2\repository\io\rest-assured\json-path\5.3.1\json-path-5.3.1.jar;C:\Users\05457U744\.m2\repository\org\apache\groovy\groovy-json\4.0.11\groovy-json-4.0.11.jar;C:\Users\05457U744\.m2\repository\io\rest-assured\rest-assured-common\5.3.1\rest-assured-common-5.3.1.jar;C:\Users\05457U744\.m2\repository\io\rest-assured\xml-path\5.3.1\xml-path-5.3.1.jar;C:\Users\05457U744\.m2\repository\org\apache\commons\commons-lang3\3.11\commons-lang3-3.11.jar;C:\Users\05457U744\.m2\repository\org\testng\testng\7.8.0\testng-7.8.0.jar;C:\Users\05457U744\.m2\repository\org\slf4j\slf4j-api\1.7.36\slf4j-api-1.7.36.jar;C:\Users\05457U744\.m2\repository\com\beust\jcommander\1.82\jcommander-1.82.jar;C:\Users\05457U744\.m2\repository\org\webjars\jquery\3.6.1\jquery-3.6.1.jar;C:\Users\05457U744\.m2\repository\com\googlecode\json-simple\json-simple\1.1.1\json-simple-1.1.1.jar;C:\Users\05457U744\.m2\repository\org\apache\poi\poi\4.1.0\poi-4.1.0.jar;C:\Users\05457U744\.m2\repository\commons-codec\commons-codec\1.12\commons-codec-1.12.jar;C:\Users\05457U744\.m2\repository\org\apache\commons\commons-collections4\4.3\commons-collections4-4.3.jar;C:\Users\05457U744\.m2\repository\org\apache\commons\commons-math3\3.6.1\commons-math3-3.6.1.jar;C:\Users\05457U744\.m2\repository\org\apache\poi\poi-ooxml\4.1.0\poi-ooxml-4.1.0.jar;C:\Users\05457U744\.m2\repository\org\apache\poi\poi-ooxml-schemas\4.1.0\poi-ooxml-schemas-4.1.0.jar;C:\Users\05457U744\.m2\repository\org\apache\xmlbeans\xmlbeans\3.1.0\xmlbeans-3.1.0.jar;C:\Users\05457U744\.m2\repository\org\apache\commons\commons-compress\1.18\commons-compress-1.18.jar;C:\Users\05457U744\.m2\repository\com\github\virtuald\curvesapi\1.06\curvesapi-1.06.jar;C:\Users\05457U744\.m2\repository\junit\junit\4.13.2\junit-4.13.2.jar;C:\Users\05457U744\.m2\repository\org\hamcrest\hamcrest-core\1.3\hamcrest-core-1.3.jar;C:\Users\05457U744\.m2\repository\org\junit\jupiter\junit-jupiter-api\5.10.0\junit-jupiter-api-5.10.0.jar;C:\Users\05457U744\.m2\repository\org\opentest4j\opentest4j\1.3.0\opentest4j-1.3.0.jar;C:\Users\05457U744\.m2\repository\org\junit\platform\junit-platform-commons\1.10.0\junit-platform-commons-1.10.0.jar;C:\Users\05457U744\.m2\repository\org\apiguardian\apiguardian-api\1.1.2\apiguardian-api-1.1.2.jar;C:\Users\05457U744\.m2\repository\com\aventstack\extentreports\4.0.9\extentreports-4.0.9.jar;C:\Users\05457U744\.m2\repository\org\freemarker\freemarker\2.3.23\freemarker-2.3.23.jar;C:\Users\05457U744\.m2\repository\org\mongodb\mongodb-driver\3.3.0\mongodb-driver-3.3.0.jar;C:\Users\05457U744\.m2\repository\org\mongodb\mongodb-driver-core\3.3.0\mongodb-driver-core-3.3.0.jar;C:\Users\05457U744\.m2\repository\org\mongodb\bson\3.3.0\bson-3.3.0.jar;C:\Users\05457U744\.m2\repository\com\google\code\gson\gson\2.8.5\gson-2.8.5.jar;C:\Users\05457U744\.m2\repository\log4j\log4j\1.2.17\log4j-1.2.17.jar;C:\Users\05457U744\.m2\repository\com\jayway\jsonpath\json-path\2.8.0\json-path-2.8.0.jar;C:\Users\05457U744\.m2\repository\net\minidev\json-smart\2.4.10\json-smart-2.4.10.jar;C:\Users\05457U744\.m2\repository\net\minidev\accessors-smart\2.4.9\accessors-smart-2.4.9.jar;C:\Users\05457U744\.m2\repository\org\ow2\asm\asm\9.3\asm-9.3.jar;C:\Users\05457U744\.m2\repository\org\json\json\20231013\json-20231013.jar;C:\Users\05457U744\.m2\repository\io\cucumber\cucumber-junit\5.1.3\cucumber-junit-5.1.3.jar;C:\Users\05457U744\.m2\repository\io\cucumber\cucumber-core\5.1.3\cucumber-core-5.1.3.jar;C:\Users\05457U744\.m2\repository\io\cucumber\cucumber-gherkin\5.1.3\cucumber-gherkin-5.1.3.jar;C:\Users\05457U744\.m2\repository\io\cucumber\cucumber-gherkin-vintage\5.1.3\cucumber-gherkin-vintage-5.1.3.jar;C:\Users\05457U744\.m2\repository\io\cucumber\tag-expressions\2.0.4\tag-expressions-2.0.4.jar;C:\Users\05457U744\.m2\repository\io\cucumber\cucumber-expressions\8.3.1\cucumber-expressions-8.3.1.jar;C:\Users\05457U744\.m2\repository\io\cucumber\datatable\3.2.1\datatable-3.2.1.jar;C:\Users\05457U744\.m2\repository\io\cucumber\cucumber-plugin\5.1.3\cucumber-plugin-5.1.3.jar;C:\Users\05457U744\.m2\repository\io\cucumber\docstring\5.1.3\docstring-5.1.3.jar;C:\Users\05457U744\.m2\repository\io\cucumber\cucumber-java\5.1.3\cucumber-java-5.1.3.jar;"/>
    <property name="sun.cpu.endian" value="little"/>
    <property name="user.home" value="C:\Users\05457U744"/>
    <property name="user.language" value="en"/>
    <property name="java.specification.vendor" value="Oracle Corporation"/>
    <property name="java.version.date" value="2023-08-24"/>
    <property name="java.home" value="C:\Users\05457U744\Downloads\eclipse-java-2023-09-R-win32-x86_64\eclipse\plugins\org.eclipse.justj.openjdk.hotspot.jre.full.win32.x86_64_17.0.8.v20230831-1047\jre"/>
    <property name="file.separator" value="\"/>
    <property name="style.color" value="always"/>
    <property name="basedir" value="C:\Users\05457U744\eclipse-workspace\IBMRestAssured"/>
    <property name="java.vm.compressedOopsMode" value="Zero based"/>
    <property name="line.separator" value="&#10;"/>
    <property name="java.vm.specification.vendor" value="Oracle Corporation"/>
    <property name="java.specification.name" value="Java Platform API Specification"/>
    <property name="surefire.real.class.path" value="C:\Users\05457U744\AppData\Local\Temp\surefire10637189486462439224\surefirebooter-20231026091455977_3.jar"/>
    <property name="user.script" value=""/>
    <property name="sun.management.compiler" value="HotSpot 64-Bit Tiered Compilers"/>
    <property name="java.runtime.version" value="17.0.8.1+1"/>
    <property name="user.name" value="05457U744"/>
    <property name="path.separator" value=";"/>
    <property name="os.version" value="10.0"/>
    <property name="java.runtime.name" value="OpenJDK Runtime Environment"/>
    <property name="file.encoding" value="Cp1252"/>
    <property name="java.vm.name" value="OpenJDK 64-Bit Server VM"/>
    <property name="java.vendor.version" value="Temurin-17.0.8.1+1"/>
    <property name="localRepository" value="C:\Users\05457U744\.m2\repository"/>
    <property name="java.vendor.url.bug" value="https://github.com/adoptium/adoptium-support/issues"/>
    <property name="java.io.tmpdir" value="C:\Users\05457U~1\AppData\Local\Temp\"/>
    <property name="java.version" value="17.0.8.1"/>
    <property name="user.dir" value="C:\Users\05457U744\eclipse-workspace\IBMRestAssured"/>
    <property name="os.arch" value="amd64"/>
    <property name="java.vm.specification.name" value="Java Virtual Machine Specification"/>
    <property name="sun.os.patch.level" value=""/>
    <property name="native.encoding" value="Cp1252"/>
    <property name="java.library.path" value="C:\Users\05457U744\Downloads\eclipse-java-2023-09-R-win32-x86_64\eclipse\plugins\org.eclipse.justj.openjdk.hotspot.jre.full.win32.x86_64_17.0.8.v20230831-1047\jre\bin;C:\WINDOWS\Sun\Java\bin;C:\WINDOWS\system32;C:\WINDOWS;C:/Users/05457U744/Downloads/eclipse-java-2023-09-R-win32-x86_64/eclipse//plugins/org.eclipse.justj.openjdk.hotspot.jre.full.win32.x86_64_17.0.8.v20230831-1047/jre/bin/server;C:/Users/05457U744/Downloads/eclipse-java-2023-09-R-win32-x86_64/eclipse//plugins/org.eclipse.justj.openjdk.hotspot.jre.full.win32.x86_64_17.0.8.v20230831-1047/jre/bin;C:\Program Files\Common Files\Oracle\Java\javapath;C:\Program Files (x86)\RSA SecurID Token Common;C:\WINDOWS\system32;C:\WINDOWS;C:\WINDOWS\System32\Wbem;C:\WINDOWS\System32\WindowsPowerShell\v1.0\;C:\WINDOWS\System32\OpenSSH\;C:\Program Files\Java\jdk-20\bin;C:\Program Files\Microsoft SQL Server\150\Tools\Binn\;C:\Program Files\Microsoft SQL Server\Client SDK\ODBC\170\Tools\Binn\;C:\Program Files\dotnet\;C:\Users\05457U744\AppData\Local\Programs\Python\Python310\Scripts\;C:\Users\05457U744\AppData\Local\Programs\Python\Python310\;C:\Users\05457U744\AppData\Local\Microsoft\WindowsApps;C:\Users\05457U744\.dotnet\tools;C:\Users\05457U744\Downloads\eclipse-java-2023-09-R-win32-x86_64\eclipse;;."/>
    <property name="java.vm.info" value="mixed mode"/>
    <property name="java.vendor" value="Eclipse Adoptium"/>
    <property name="java.vm.version" value="17.0.8.1+1"/>
    <property name="sun.io.unicode.encoding" value="UnicodeLittle"/>
    <property name="java.class.version" value="61.0"/>
  </properties>
  <testcase name="verifyPostApi" classname="IBMRestExml.RestAssuredTest" time="2.577">
    <system-out><![CDATA[status code: 201
id form response:101
]]></system-out>
    <system-err><![CDATA[log4j:WARN No appenders could be found for logger (org.apache.http.impl.conn.BasicClientConnectionManager).
log4j:WARN Please initialize the log4j system properly.
log4j:WARN See http://logging.apache.org/log4j/1.2/faq.html#noconfig for more info.
]]></system-err>
  </testcase>
</testsuite>