<?xml version="1.0" encoding="UTF-8"?>
<!-- Generated by org.testng.reporters.JUnitReportReporter -->
<testsuite hostname="IBM-F4J0LQ3" failures="0" tests="1" name="TestNG.TestNGExmpl" time="0.016" errors="0" timestamp="30 Oct 2023 03:51:11 GMT">
  <testcase classname="TestNG.TestNGExmpl" name="f" time="0.016"/>
</testsuite> <!-- TestNG.TestNGExmpl -->
