<?xml version="1.0" encoding="UTF-8"?>
<!-- Generated by org.testng.reporters.JUnitReportReporter -->
<testsuite hostname="IBM-F4J0LQ3" failures="0" tests="1" name="IBMRestAssured.IBMRestAssured.AppTest" time="0.009" errors="0" timestamp="2023-10-25T08:38:07 IST" skipped="0">
  <testcase classname="IBMRestAssured.IBMRestAssured.AppTest" name="shouldAnswerWithTrue" time="0.009"/>
  <system-out/>
</testsuite> <!-- IBMRestAssured.IBMRestAssured.AppTest -->
